0 verbose cli C:\Program Files\nodejs\node.exe C:\Users\21260\AppData\Roaming\npm\node_modules\npm\bin\npm-cli.js
1 info using npm@11.1.0
2 info using node@v20.17.0
3 silly config load:file:C:\Users\21260\AppData\Roaming\npm\node_modules\npm\npmrc
4 silly config load:file:C:\Nouveau dossier\generateQuestionsApi\cv_api\.npmrc
5 silly config load:file:C:\Users\21260\.npmrc
6 silly config load:file:C:\Users\21260\AppData\Roaming\npm\etc\npmrc
7 verbose title npm run dev
8 verbose argv "run" "dev"
9 verbose logfile logs-max:10 dir:C:\Nouveau dossier\generateQuestionsApi\cv_api\clear\_logs\2025-04-29T09_08_35_733Z-
10 verbose logfile C:\Nouveau dossier\generateQuestionsApi\cv_api\clear\_logs\2025-04-29T09_08_35_733Z-debug-0.log
11 silly logfile start cleaning logs, removing 1 files
12 silly logfile done cleaning log files
13 http fetch GET 200 https://registry.npmjs.org/npm 381ms
14 verbose cwd C:\Nouveau dossier\generateQuestionsApi\cv_api
15 verbose os Windows_NT 10.0.26100
16 verbose node v20.17.0
17 verbose npm  v11.1.0
18 notice
18 notice New [33mminor[39m version of npm available! [33m11.1.0[39m -> [34m11.3.0[39m
18 notice Changelog: [34mhttps://github.com/npm/cli/releases/tag/v11.3.0[39m
18 notice To update run: [4mnpm install -g npm@11.3.0[24m
18 notice  { force: true, [Symbol(proc-log.meta)]: true }
19 verbose exit 1073807364
20 verbose code 1073807364
